Started by GitHub push by sergkharkin
Obtained Jenkinsfile from git git@github.com:sergkharkin/jenkins-test.git/
[Pipeline] Start of Pipeline
[Pipeline] node
Running on inteliventi in /home/user/jenkins/workspace/12-1.Jenkins-tarea1
[Pipeline] {
[Pipeline] stage
[Pipeline] { (Declarative: Checkout SCM)
[Pipeline] checkout
The recommended git tool is: NONE
using credential f390392b-8ecd-428f-9530-40ff57695c01
Cloning the remote Git repository
Cloning repository git@github.com:sergkharkin/jenkins-test.git/
 > /usr/bin/git init /home/user/jenkins/workspace/12-1.Jenkins-tarea1 # timeout=10
Fetching upstream changes from git@github.com:sergkharkin/jenkins-test.git/
 > /usr/bin/git --version # timeout=10
 > git --version # 'git version 2.34.1'
using GIT_SSH to set credentials 
 > /usr/bin/git fetch --tags --force --progress -- git@github.com:sergkharkin/jenkins-test.git/ +refs/heads/*:refs/remotes/origin/* # timeout=10
Avoid second fetch
Checking out Revision 1651ab55283140dd76c204c2a8d6bdf3eca47665 (refs/remotes/origin/main)
Commit message: "Jenkinsfile number 1"
 > /usr/bin/git config remote.origin.url git@github.com:sergkharkin/jenkins-test.git/ # timeout=10
 > /usr/bin/git config --add remote.origin.fetch +refs/heads/*:refs/remotes/origin/* # timeout=10
 > /usr/bin/git rev-parse refs/remotes/origin/main^{commit} # timeout=10
 > /usr/bin/git config core.sparsecheckout # timeout=10
 > /usr/bin/git checkout -f 1651ab55283140dd76c204c2a8d6bdf3eca47665 # timeout=10
 > /usr/bin/git rev-list --no-walk 1f00c9c94fda583f4a770ccad146334b13e6f9bb # timeout=10
[Pipeline] }
[Pipeline] // stage
[Pipeline] withEnv
[Pipeline] {
[Pipeline] isUnix
[Pipeline] withEnv
[Pipeline] {
[Pipeline] sh
+ docker inspect -f . alpine
.
[Pipeline] }
[Pipeline] // withEnv
[Pipeline] withDockerContainer
inteliventi does not seem to be running inside a container
$ docker run -t -d -u 1000:1000 -u root -w /home/user/jenkins/workspace/12-1.Jenkins-tarea1 -v /home/user/jenkins/workspace/12-1.Jenkins-tarea1:/home/user/jenkins/workspace/12-1.Jenkins-tarea1:rw,z -v /home/user/jenkins/workspace/12-1.Jenkins-tarea1@tmp:/home/user/jenkins/workspace/12-1.Jenkins-tarea1@tmp:rw,z -e ******** -e ******** -e ******** -e ******** -e ******** -e ******** -e ******** -e ******** -e ******** -e ******** -e ******** -e ******** -e ******** -e ******** -e ******** -e ******** -e ******** -e ******** -e ******** -e ******** -e ******** -e ******** -e ******** -e ******** -e ******** -e ******** -e ******** -e ******** -e ******** -e ******** -e ******** -e ******** alpine cat
$ docker top 4585fb3824218c3ed7b195a1d2505ebf6a498a2c4e6c47cfea336067c2ebd037 -eo pid,comm
[Pipeline] {
[Pipeline] stage
[Pipeline] { (install packages)
[Pipeline] sh
+ apk update
fetch https://dl-cdn.alpinelinux.org/alpine/v3.16/main/x86_64/APKINDEX.tar.gz
fetch https://dl-cdn.alpinelinux.org/alpine/v3.16/community/x86_64/APKINDEX.tar.gz
v3.16.0-335-gf077f9b235 [https://dl-cdn.alpinelinux.org/alpine/v3.16/main]
v3.16.0-336-g10a80f1c46 [https://dl-cdn.alpinelinux.org/alpine/v3.16/community]
OK: 17031 distinct packages available
+ apk add curl wget git bash speedtest-cli
(1/25) Installing ncurses-terminfo-base (6.3_p20220521-r0)
(2/25) Installing ncurses-libs (6.3_p20220521-r0)
(3/25) Installing readline (8.1.2-r0)
(4/25) Installing bash (5.1.16-r2)
Executing bash-5.1.16-r2.post-install
(5/25) Installing ca-certificates (20211220-r0)
(6/25) Installing brotli-libs (1.0.9-r6)
(7/25) Installing nghttp2-libs (1.47.0-r0)
(8/25) Installing libcurl (7.83.1-r2)
(9/25) Installing curl (7.83.1-r2)
(10/25) Installing expat (2.4.8-r0)
(11/25) Installing pcre2 (10.40-r0)
(12/25) Installing git (2.36.2-r0)
(13/25) Installing libbz2 (1.0.8-r1)
(14/25) Installing libffi (3.4.2-r1)
(15/25) Installing gdbm (1.23-r0)
(16/25) Installing xz-libs (5.2.5-r1)
(17/25) Installing libgcc (11.2.1_git20220219-r2)
(18/25) Installing libstdc++ (11.2.1_git20220219-r2)
(19/25) Installing mpdecimal (2.5.1-r1)
(20/25) Installing sqlite-libs (3.38.5-r0)
(21/25) Installing python3 (3.10.4-r0)
(22/25) Installing speedtest-cli (2.1.3-r2)
(23/25) Installing libunistring (1.0-r0)
(24/25) Installing libidn2 (2.3.2-r2)
(25/25) Installing wget (1.21.3-r0)
Executing busybox-1.35.0-r13.trigger
Executing ca-certificates-20211220-r0.trigger
OK: 75 MiB in 39 packages
[Pipeline] }
[Pipeline] // stage
[Pipeline] stage
[Pipeline] { (Checkout Git)
[Pipeline] git
Selected Git installation does not exist. Using Default
The recommended git tool is: NONE
No credentials specified
Warning: JENKINS-30600: special launcher org.jenkinsci.plugins.docker.workflow.WithContainerStep$Decorator$1@2210c2a1; decorates RemoteLauncher[hudson.remoting.Channel@18afc412:inteliventi] will be ignored (a typical symptom is the Git executable not being run inside a designated container)
Fetching changes from the remote Git repository
 > /usr/bin/git rev-parse --resolve-git-dir /home/user/jenkins/workspace/12-1.Jenkins-tarea1/.git # timeout=10
 > /usr/bin/git config remote.origin.url https://github.com/sergkharkin/belhard-devops.git # timeout=10
Fetching upstream changes from https://github.com/sergkharkin/belhard-devops.git
 > /usr/bin/git --version # timeout=10
 > git --version # 'git version 2.34.1'
 > /usr/bin/git fetch --tags --force --progress -- https://github.com/sergkharkin/belhard-devops.git +refs/heads/*:refs/remotes/origin/* # timeout=10
Checking out Revision e423bede9398a6915b010586248a66342b2dc53d (refs/remotes/origin/bh-devops-02-22)
Commit message: "Добавил домашку по Ansible"
 > /usr/bin/git rev-parse refs/remotes/origin/bh-devops-02-22^{commit} # timeout=10
 > /usr/bin/git config core.sparsecheckout # timeout=10
 > /usr/bin/git checkout -f e423bede9398a6915b010586248a66342b2dc53d # timeout=10
 > /usr/bin/git branch -a -v --no-abbrev # timeout=10
 > /usr/bin/git checkout -b bh-devops-02-22 e423bede9398a6915b010586248a66342b2dc53d # timeout=10
 > /usr/bin/git rev-list --no-walk e423bede9398a6915b010586248a66342b2dc53d # timeout=10
[Pipeline] }
[Pipeline] // stage
[Pipeline] stage
[Pipeline] { (Show files in repository)
[Pipeline] sh
+ pwd
/home/user/jenkins/workspace/12-1.Jenkins-tarea1
+ ls -lah
total 20K    
drwxrwxr-x    4 1000     1000        4.0K Jul 16 12:56 .
drwxr-xr-x    4 root     root        4.0K Jul 16 12:55 ..
drwxrwxr-x    8 1000     1000        4.0K Jul 16 12:56 .git
-rw-rw-r--    1 1000     1000        2.1K Jul 16 12:56 README.md
drwxrwxr-x    9 1000     1000        4.0K Jul 16 12:56 Sergey_Kharkin
[Pipeline] }
[Pipeline] // stage
[Pipeline] stage
[Pipeline] { (Test internet connection)
[Pipeline] sh
+ speedtest-cli
Retrieving speedtest.net configuration...
Testing from Innovation IT Solutions LTD (146.19.233.207)...
Retrieving speedtest.net server list...
Selecting best server based on ping...
Hosted by Marco Bungalski GmbH (Verden) [181.42 km]: 11.962 ms
Testing download speed................................................................................
Download: 75.41 Mbit/s
Testing upload speed......................................................................................................
Upload: 87.98 Mbit/s
[Pipeline] }
[Pipeline] // stage
[Pipeline] stage
[Pipeline] { (Declarative: Post Actions)
[Pipeline] cleanWs
[WS-CLEANUP] Deleting project workspace...
[WS-CLEANUP] Deferred wipeout is used...
[WS-CLEANUP] done
[Pipeline] }
[Pipeline] // stage
[Pipeline] }
$ docker stop --time=1 4585fb3824218c3ed7b195a1d2505ebf6a498a2c4e6c47cfea336067c2ebd037
$ docker rm -f 4585fb3824218c3ed7b195a1d2505ebf6a498a2c4e6c47cfea336067c2ebd037
[Pipeline] // withDockerContainer
[Pipeline] }
[Pipeline] // withEnv
[Pipeline] }
[Pipeline] // node
[Pipeline] End of Pipeline
Finished: SUCCESS
